{"/Users/estudio/Projects/GitHub/PYTHON3/auditmesh/services/ms-auditor/index.js": {"path":"/Users/estudio/Projects/GitHub/PYTHON3/auditmesh/services/ms-auditor/index.js","statementMap":{"0":{"start":{"line":1,"column":16},"end":{"line":1,"column":34}},"1":{"start":{"line":2,"column":12},"end":{"line":2,"column":21}},"2":{"start":{"line":3,"column":13},"end":{"line":3,"column":37}},"3":{"start":{"line":5,"column":0},"end":{"line":5,"column":24}},"4":{"start":{"line":8,"column":0},"end":{"line":14,"column":3}},"5":{"start":{"line":9,"column":2},"end":{"line":13,"column":5}},"6":{"start":{"line":17,"column":0},"end":{"line":23,"column":3}},"7":{"start":{"line":18,"column":2},"end":{"line":22,"column":5}},"8":{"start":{"line":26,"column":0},"end":{"line":87,"column":3}},"9":{"start":{"line":27,"column":2},"end":{"line":86,"column":3}},"10":{"start":{"line":28,"column":49},"end":{"line":28,"column":57}},"11":{"start":{"line":31,"column":4},"end":{"line":36,"column":5}},"12":{"start":{"line":32,"column":6},"end":{"line":35,"column":9}},"13":{"start":{"line":39,"column":24},"end":{"line":68,"column":5}},"14":{"start":{"line":71,"column":4},"end":{"line":71,"column":67}},"15":{"start":{"line":73,"column":4},"end":{"line":78,"column":7}},"16":{"start":{"line":81,"column":4},"end":{"line":81,"column":57}},"17":{"start":{"line":82,"column":4},"end":{"line":85,"column":7}},"18":{"start":{"line":89,"column":0},"end":{"line":91,"column":3}},"19":{"start":{"line":90,"column":2},"end":{"line":90,"column":60}}},"fnMap":{"0":{"name":"(anonymous_0)","decl":{"start":{"line":8,"column":19},"end":{"line":8,"column":20}},"loc":{"start":{"line":8,"column":33},"end":{"line":14,"column":1}},"line":8},"1":{"name":"(anonymous_1)","decl":{"start":{"line":17,"column":13},"end":{"line":17,"column":14}},"loc":{"start":{"line":17,"column":27},"end":{"line":23,"column":1}},"line":17},"2":{"name":"(anonymous_2)","decl":{"start":{"line":26,"column":19},"end":{"line":26,"column":20}},"loc":{"start":{"line":26,"column":33},"end":{"line":87,"column":1}},"line":26},"3":{"name":"(anonymous_3)","decl":{"start":{"line":89,"column":17},"end":{"line":89,"column":18}},"loc":{"start":{"line":89,"column":23},"end":{"line":91,"column":1}},"line":89}},"branchMap":{"0":{"loc":{"start":{"line":3,"column":13},"end":{"line":3,"column":37}},"type":"binary-expr","locations":[{"start":{"line":3,"column":13},"end":{"line":3,"column":29}},{"start":{"line":3,"column":33},"end":{"line":3,"column":37}}],"line":3},"1":{"loc":{"start":{"line":31,"column":4},"end":{"line":36,"column":5}},"type":"if","locations":[{"start":{"line":31,"column":4},"end":{"line":36,"column":5}},{"start":{},"end":{}}],"line":31},"2":{"loc":{"start":{"line":31,"column":8},"end":{"line":31,"column":47}},"type":"binary-expr","locations":[{"start":{"line":31,"column":8},"end":{"line":31,"column":16}},{"start":{"line":31,"column":20},"end":{"line":31,"column":29}},{"start":{"line":31,"column":33},"end":{"line":31,"column":47}}],"line":31},"3":{"loc":{"start":{"line":47,"column":29},"end":{"line":47,"column":85}},"type":"binary-expr","locations":[{"start":{"line":47,"column":29},"end":{"line":47,"column":57}},{"start":{"line":47,"column":61},"end":{"line":47,"column":85}}],"line":47},"4":{"loc":{"start":{"line":60,"column":25},"end":{"line":60,"column":79}},"type":"cond-expr","locations":[{"start":{"line":60,"column":57},"end":{"line":60,"column":68}},{"start":{"line":60,"column":71},"end":{"line":60,"column":79}}],"line":60},"5":{"loc":{"start":{"line":62,"column":23},"end":{"line":62,"column":53}},"type":"binary-expr","locations":[{"start":{"line":62,"column":23},"end":{"line":62,"column":47}},{"start":{"line":62,"column":51},"end":{"line":62,"column":53}}],"line":62},"6":{"loc":{"start":{"line":66,"column":21},"end":{"line":66,"column":69}},"type":"binary-expr","locations":[{"start":{"line":66,"column":21},"end":{"line":66,"column":56}},{"start":{"line":66,"column":60},"end":{"line":66,"column":69}}],"line":66}},"s":{"0":0,"1":0,"2":0,"3":0,"4":0,"5":0,"6":0,"7":0,"8":0,"9":0,"10":0,"11":0,"12":0,"13":0,"14":0,"15":0,"16":0,"17":0,"18":0,"19":0},"f":{"0":0,"1":0,"2":0,"3":0},"b":{"0":[0,0],"1":[0,0],"2":[0,0,0],"3":[0,0],"4":[0,0],"5":[0,0],"6":[0,0]}}
}
