TN:
SF:index.js
FN:8,(anonymous_0)
FN:17,(anonymous_1)
FN:26,(anonymous_2)
FN:89,(anonymous_3)
FNF:4
FNH:0
FNDA:0,(anonymous_0)
FNDA:0,(anonymous_1)
FNDA:0,(anonymous_2)
FNDA:0,(anonymous_3)
DA:1,0
DA:2,0
DA:3,0
DA:5,0
DA:8,0
DA:9,0
DA:17,0
DA:18,0
DA:26,0
DA:27,0
DA:28,0
DA:31,0
DA:32,0
DA:39,0
DA:71,0
DA:73,0
DA:81,0
DA:82,0
DA:89,0
DA:90,0
LF:20
LH:0
BRDA:3,0,0,0
BRDA:3,0,1,0
BRDA:31,1,0,0
BRDA:31,1,1,0
BRDA:31,2,0,0
BRDA:31,2,1,0
BRDA:31,2,2,0
BRDA:47,3,0,0
BRDA:47,3,1,0
BRDA:60,4,0,0
BRDA:60,4,1,0
BRDA:62,5,0,0
BRDA:62,5,1,0
BRDA:66,6,0,0
BRDA:66,6,1,0
BRF:15
BRH:0
end_of_record
